0 info it worked if it ends with ok
1 verbose cli [ 'node', '/usr/local/bin/npm', 'publish', 'nerdfiles' ]
2 info using npm@3.3.5
3 info using node@v0.12.2
4 verbose node symlink /usr/local/bin/node
5 verbose publish [ 'nerdfiles' ]
6 silly cache add args [ 'nerdfiles', null ]
7 verbose cache add spec nerdfiles
8 silly cache add parsed spec { raw: 'nerdfiles',
8 silly cache add   scope: null,
8 silly cache add   name: 'nerdfiles',
8 silly cache add   rawSpec: '',
8 silly cache add   spec: '*',
8 silly cache add   type: 'range' }
9 silly addNamed nerdfiles@*
10 verbose addNamed "*" is a valid semver range for nerdfiles
11 silly addNameRange { name: 'nerdfiles', range: '*', hasData: false }
12 silly mapToRegistry name nerdfiles
13 silly mapToRegistry using default registry
14 silly mapToRegistry registry https://registry.npmjs.org/
15 silly mapToRegistry uri https://registry.npmjs.org/nerdfiles
16 verbose addNameRange registry:https://registry.npmjs.org/nerdfiles not in flight; fetching
17 verbose request uri https://registry.npmjs.org/nerdfiles
18 verbose request no auth needed
19 info attempt registry request try #1 at 8:48:50 PM
20 verbose request using bearer token for auth
21 verbose request id c6cd311eea3c2e65
22 http request GET https://registry.npmjs.org/nerdfiles
23 http 404 https://registry.npmjs.org/nerdfiles
24 verbose headers { 'content-type': 'application/json',
24 verbose headers   'cache-control': 'max-age=0',
24 verbose headers   'content-length': '2',
24 verbose headers   'accept-ranges': 'bytes',
24 verbose headers   date: 'Thu, 17 Mar 2016 01:48:50 GMT',
24 verbose headers   via: '1.1 varnish',
24 verbose headers   connection: 'keep-alive',
24 verbose headers   'x-served-by': 'cache-ord1740-ORD',
24 verbose headers   'x-cache': 'MISS',
24 verbose headers   'x-cache-hits': '0',
24 verbose headers   'x-timer': 'S1458179330.513834,VS0,VE65' }
25 silly get cb [ 404,
25 silly get   { 'content-type': 'application/json',
25 silly get     'cache-control': 'max-age=0',
25 silly get     'content-length': '2',
25 silly get     'accept-ranges': 'bytes',
25 silly get     date: 'Thu, 17 Mar 2016 01:48:50 GMT',
25 silly get     via: '1.1 varnish',
25 silly get     connection: 'keep-alive',
25 silly get     'x-served-by': 'cache-ord1740-ORD',
25 silly get     'x-cache': 'MISS',
25 silly get     'x-cache-hits': '0',
25 silly get     'x-timer': 'S1458179330.513834,VS0,VE65' } ]
26 verbose stack Error: Registry returned 404 for GET on https://registry.npmjs.org/nerdfiles
26 verbose stack     at makeError (/usr/local/lib/node_modules/npm/node_modules/npm-registry-client/lib/request.js:264:12)
26 verbose stack     at CachingRegistryClient.<anonymous> (/usr/local/lib/node_modules/npm/node_modules/npm-registry-client/lib/request.js:242:14)
26 verbose stack     at Request._callback (/usr/local/lib/node_modules/npm/node_modules/npm-registry-client/lib/request.js:172:14)
26 verbose stack     at Request.self.callback (/usr/local/lib/node_modules/npm/node_modules/request/request.js:198:22)
26 verbose stack     at Request.emit (events.js:110:17)
26 verbose stack     at Request.<anonymous> (/usr/local/lib/node_modules/npm/node_modules/request/request.js:1063:14)
26 verbose stack     at Request.emit (events.js:129:20)
26 verbose stack     at IncomingMessage.<anonymous> (/usr/local/lib/node_modules/npm/node_modules/request/request.js:1009:12)
26 verbose stack     at IncomingMessage.emit (events.js:129:20)
26 verbose stack     at _stream_readable.js:908:16
27 verbose statusCode 404
28 verbose pkgid nerdfiles
29 verbose cwd /Users/nerdfiles/Tools/schemas
30 error Darwin 15.0.0
31 error argv "node" "/usr/local/bin/npm" "publish" "nerdfiles"
32 error node v0.12.2
33 error npm  v3.3.5
34 error code E404
35 error 404 Registry returned 404 for GET on https://registry.npmjs.org/nerdfiles
35 error 404
35 error 404 'nerdfiles' is not in the npm registry.
35 error 404 You should bug the author to publish it (or use the name yourself!)
35 error 404
35 error 404 Note that you can also install from a
35 error 404 tarball, folder, http url, or git url.
36 verbose exit [ 1, true ]
